IM&RTC/RTC/UGC/Demo/9.5.11200/app/build/intermediates/manifest_merge_blame_file/debug/manifest-merger-blame-debug-report.txt
1<?xml version="1.0" encoding="utf-8"?>
2<manifest xmlns:android="http://schemas.android.com/apk/res/android"
3    package="com.tencent.qcloud.xiaoshipin"
4    android:versionCode="1"
5    android:versionName="v1.0" >
6
7    <uses-sdk
8        android:minSdkVersion="16"
8-->src\main\AndroidManifest.xml
9        android:targetSdkVersion="26" />
9-->src\main\AndroidManifest.xml
10
11    <uses-permission android:name="android.permission.INTERNET" />
11-->src\main\AndroidManifest.xml:6:5-67
11-->src\main\AndroidManifest.xml:6:22-64
12    <uses-permission android:name="android.permission.ACCESS_NETWORK_STATE" />
12-->src\main\AndroidManifest.xml:7:5-79
12-->src\main\AndroidManifest.xml:7:22-76
13    <uses-permission android:name="android.permission.ACCESS_WIFI_STATE" />
13-->src\main\AndroidManifest.xml:8:5-76
13-->src\main\AndroidManifest.xml:8:22-73
14    <uses-permission android:name="android.permission.READ_PHONE_STATE" />
14-->src\main\AndroidManifest.xml:9:5-75
14-->src\main\AndroidManifest.xml:9:22-72
15    <uses-permission android:name="android.permission.WRITE_EXTERNAL_STORAGE" />
15-->src\main\AndroidManifest.xml:10:5-81
15-->src\main\AndroidManifest.xml:10:22-78
16    <uses-permission android:name="android.permission.READ_EXTERNAL_STORAGE" />
16-->src\main\AndroidManifest.xml:11:5-80
16-->src\main\AndroidManifest.xml:11:22-77
17    <uses-permission android:name="android.permission.RECORD_AUDIO" />
17-->src\main\AndroidManifest.xml:12:5-71
17-->src\main\AndroidManifest.xml:12:22-68
18    <uses-permission android:name="android.permission.CAMERA" />
18-->src\main\AndroidManifest.xml:13:5-65
18-->src\main\AndroidManifest.xml:13:22-62
19
20    <uses-feature android:name="android.hardware.camera" />
20-->src\main\AndroidManifest.xml:15:5-60
20-->src\main\AndroidManifest.xml:15:19-57
21    <uses-feature android:name="android.hardware.camera.autofocus" />
21-->src\main\AndroidManifest.xml:16:5-70
21-->src\main\AndroidManifest.xml:16:19-67
22
23    <!-- 音频改变音量类型 -->
24    <uses-permission android:name="android.permission.MODIFY_AUDIO_SETTINGS" /> <!-- 音频获取蓝牙耳机状态 -->
24-->[com.tencent.liteav:LiteAVSDK_Professional:9.5.11200] AndroidManifest.xml:25:5-80
24-->[com.tencent.liteav:LiteAVSDK_Professional:9.5.11200] AndroidManifest.xml:25:22-77
25    <uses-permission android:name="android.permission.BLUETOOTH" />
25-->[com.tencent.liteav:LiteAVSDK_Professional:9.5.11200] AndroidManifest.xml:27:5-68
25-->[com.tencent.liteav:LiteAVSDK_Professional:9.5.11200] AndroidManifest.xml:27:22-65
26    <uses-permission android:name="android.permission.BLUETOOTH_CONNECT" />
26-->[com.tencent.liteav:LiteAVSDK_Professional:9.5.11200] AndroidManifest.xml:28:5-76
26-->[com.tencent.liteav:LiteAVSDK_Professional:9.5.11200] AndroidManifest.xml:28:22-73
27
28    <application
28-->src\main\AndroidManifest.xml:19:5-154:19
29        android:name="com.tencent.qcloud.xiaoshipin.TCApplication"
29-->src\main\AndroidManifest.xml:20:9-67
30        android:allowBackup="true"
30-->src\main\AndroidManifest.xml:21:9-35
31        android:appComponentFactory="androidx.core.app.CoreComponentFactory"
31-->[androidx.core:core:1.1.0] AndroidManifest.xml:24:18-86
32        android:debuggable="true"
33        android:icon="@mipmap/ic_launcher"
33-->src\main\AndroidManifest.xml:22:9-43
34        android:label="@string/app_name"
34-->src\main\AndroidManifest.xml:23:9-41
35        android:largeHeap="true"
35-->src\main\AndroidManifest.xml:24:9-33
36        android:supportsRtl="true"
36-->[com.tencent.liteav:LiteAVSDK_Professional:9.5.11200] AndroidManifest.xml:32:9-35
37        android:testOnly="true"
38        android:theme="@style/AppTheme"
38-->src\main\AndroidManifest.xml:25:9-40
39        android:usesCleartextTraffic="true" >
39-->[com.tencent.liteav:LiteAVSDK_Professional:9.5.11200] AndroidManifest.xml:33:9-44
40        <activity
40-->src\main\AndroidManifest.xml:28:9-36:20
41            android:name="com.tencent.qcloud.xiaoshipin.play.TCVideoPreviewActivity"
41-->src\main\AndroidManifest.xml:29:13-56
42            android:screenOrientation="portrait" >
42-->src\main\AndroidManifest.xml:30:13-49
43            <intent-filter>
43-->src\main\AndroidManifest.xml:31:13-35:29
44                <action android:name="com.tencent.liteav.demo.videopreview" />
44-->src\main\AndroidManifest.xml:32:17-79
44-->src\main\AndroidManifest.xml:32:25-76
45                <action android:name="android.intent.action.MAIN" />
45-->src\main\AndroidManifest.xml:33:17-69
45-->src\main\AndroidManifest.xml:33:25-66
46
47                <category android:name="android.intent.category.DEFAULT" />
47-->src\main\AndroidManifest.xml:34:17-76
47-->src\main\AndroidManifest.xml:34:27-73
48            </intent-filter>
49        </activity>
50        <activity
50-->src\main\AndroidManifest.xml:38:9-47:20
51            android:name="com.tencent.qcloud.xiaoshipin.mainui.TCSplashActivity"
51-->src\main\AndroidManifest.xml:39:13-81
52            android:launchMode="singleTop"
52-->src\main\AndroidManifest.xml:40:13-43
53            android:screenOrientation="portrait"
53-->src\main\AndroidManifest.xml:41:13-49
54            android:theme="@style/SplashTheme" >
54-->src\main\AndroidManifest.xml:42:13-47
55            <intent-filter>
55-->src\main\AndroidManifest.xml:43:13-46:29
56                <action android:name="android.intent.action.MAIN" />
56-->src\main\AndroidManifest.xml:33:17-69
56-->src\main\AndroidManifest.xml:33:25-66
57
58                <category android:name="android.intent.category.LAUNCHER" />
58-->src\main\AndroidManifest.xml:45:17-77
58-->src\main\AndroidManifest.xml:45:27-74
59            </intent-filter>
60        </activity>
61        <activity
61-->src\main\AndroidManifest.xml:49:9-52:49
62            android:name="com.tencent.qcloud.xiaoshipin.login.TCLoginActivity"
62-->src\main\AndroidManifest.xml:50:13-79
63            android:screenOrientation="portrait"
63-->src\main\AndroidManifest.xml:51:13-49
64            android:theme="@style/LoginTheme" />
64-->src\main\AndroidManifest.xml:52:13-46
65        <activity
65-->src\main\AndroidManifest.xml:53:9-56:52
66            android:name="com.tencent.qcloud.xiaoshipin.login.TCRegisterActivity"
66-->src\main\AndroidManifest.xml:54:13-82
67            android:screenOrientation="portrait"
67-->src\main\AndroidManifest.xml:55:13-49
68            android:theme="@style/RegisterTheme" />
68-->src\main\AndroidManifest.xml:56:13-49
69        <activity
69-->src\main\AndroidManifest.xml:57:9-60:52
70            android:name="com.tencent.qcloud.xiaoshipin.mainui.TCMainActivity"
70-->src\main\AndroidManifest.xml:58:13-79
71            android:launchMode="singleTask"
71-->src\main\AndroidManifest.xml:59:13-44
72            android:screenOrientation="portrait" />
72-->src\main\AndroidManifest.xml:60:13-49
73        <activity
73-->src\main\AndroidManifest.xml:62:9-65:59
74            android:name="com.tencent.qcloud.xiaoshipin.play.TCVodPlayerActivity"
74-->src\main\AndroidManifest.xml:63:13-82
75            android:screenOrientation="portrait"
75-->src\main\AndroidManifest.xml:64:13-49
76            android:windowSoftInputMode="adjustNothing" />
76-->src\main\AndroidManifest.xml:65:13-56
77        <activity
77-->src\main\AndroidManifest.xml:66:9-71:59
78            android:name="com.tencent.qcloud.xiaoshipin.videorecord.TCVideoRecordActivity"
78-->src\main\AndroidManifest.xml:67:13-91
79            android:launchMode="singleTop"
79-->src\main\AndroidManifest.xml:68:13-43
80            android:screenOrientation="portrait"
80-->src\main\AndroidManifest.xml:69:13-49
81            android:theme="@style/RecordActivityTheme"
81-->src\main\AndroidManifest.xml:70:13-55
82            android:windowSoftInputMode="adjustNothing" />
82-->src\main\AndroidManifest.xml:71:13-56
83        <activity
83-->src\main\AndroidManifest.xml:72:9-77:59
84            android:name="com.tencent.qcloud.xiaoshipin.videorecord.TCVideoFollowRecordActivity"
84-->src\main\AndroidManifest.xml:73:13-97
85            android:launchMode="singleTop"
85-->src\main\AndroidManifest.xml:74:13-43
86            android:screenOrientation="portrait"
86-->src\main\AndroidManifest.xml:75:13-49
87            android:theme="@style/MixRecordActivityTheme"
87-->src\main\AndroidManifest.xml:76:13-58
88            android:windowSoftInputMode="adjustNothing" />
88-->src\main\AndroidManifest.xml:77:13-56
89        <activity
89-->src\main\AndroidManifest.xml:78:9-83:59
90            android:name="com.tencent.qcloud.xiaoshipin.videorecord.TCVideoTripleScreenActivity"
90-->src\main\AndroidManifest.xml:79:13-97
91            android:launchMode="singleTop"
91-->src\main\AndroidManifest.xml:80:13-43
92            android:screenOrientation="portrait"
92-->src\main\AndroidManifest.xml:81:13-49
93            android:theme="@style/MixRecordActivityTheme"
93-->src\main\AndroidManifest.xml:82:13-58
94            android:windowSoftInputMode="adjustNothing" />
94-->src\main\AndroidManifest.xml:83:13-56
95        <activity
95-->src\main\AndroidManifest.xml:84:9-87:59
96            android:name="com.tencent.qcloud.xiaoshipin.videopublish.TCVideoPublisherActivity"
96-->src\main\AndroidManifest.xml:85:13-95
97            android:screenOrientation="portrait"
97-->src\main\AndroidManifest.xml:86:13-49
98            android:windowSoftInputMode="adjustNothing" />
98-->src\main\AndroidManifest.xml:87:13-56
99        <activity
99-->src\main\AndroidManifest.xml:88:9-90:64
100            android:name="com.tencent.rtmp.video.TXScreenCapture$TXScreenCaptureAssistantActivity"
100-->src\main\AndroidManifest.xml:89:13-99
101            android:theme="@android:style/Theme.Translucent" />
101-->src\main\AndroidManifest.xml:90:13-61
102        <activity
102-->src\main\AndroidManifest.xml:91:9-95:75
103            android:name="com.umeng.qq.tencent.AssistActivity"
103-->src\main\AndroidManifest.xml:92:13-63
104            android:configChanges="orientation|keyboardHidden|screenSize"
104-->src\main\AndroidManifest.xml:93:13-74
105            android:screenOrientation="portrait"
105-->src\main\AndroidManifest.xml:94:13-49
106            android:theme="@android:style/Theme.Translucent.NoTitleBar" />
106-->src\main\AndroidManifest.xml:95:13-72
107        <activity
107-->src\main\AndroidManifest.xml:96:9-99:58
108            android:name="com.tencent.qcloud.xiaoshipin.videochoose.TCPicturePickerActivity"
108-->src\main\AndroidManifest.xml:97:13-93
109            android:screenOrientation="portrait"
109-->src\main\AndroidManifest.xml:98:13-49
110            android:theme="@style/PickerActivityTheme" />
110-->src\main\AndroidManifest.xml:99:13-55
111        <activity
111-->src\main\AndroidManifest.xml:100:9-103:58
112            android:name="com.tencent.qcloud.xiaoshipin.videochoose.TCTripleRecordVideoPickerActivity"
112-->src\main\AndroidManifest.xml:101:13-103
113            android:screenOrientation="portrait"
113-->src\main\AndroidManifest.xml:102:13-49
114            android:theme="@style/PickerActivityTheme" />
114-->src\main\AndroidManifest.xml:103:13-55
115        <activity
115-->src\main\AndroidManifest.xml:104:9-107:58
116            android:name="com.tencent.qcloud.xiaoshipin.videochoose.TCVideoPickerActivity"
116-->src\main\AndroidManifest.xml:105:13-91
117            android:screenOrientation="portrait"
117-->src\main\AndroidManifest.xml:106:13-49
118            android:theme="@style/PickerActivityTheme" />
118-->src\main\AndroidManifest.xml:107:13-55
119        <activity
119-->src\main\AndroidManifest.xml:108:9-112:52
120            android:name="com.tencent.qcloud.xiaoshipin.videojoiner.TCPictureJoinActivity"
120-->src\main\AndroidManifest.xml:109:13-91
121            android:launchMode="singleTop"
121-->src\main\AndroidManifest.xml:110:13-43
122            android:screenOrientation="portrait"
122-->src\main\AndroidManifest.xml:112:13-49
123            android:theme="@style/PictureTransitionActivityStyle" />
123-->src\main\AndroidManifest.xml:111:13-66
124        <activity
124-->src\main\AndroidManifest.xml:113:9-116:58
125            android:name="com.tencent.qcloud.xiaoshipin.videoeditor.TCVideoCutActivity"
125-->src\main\AndroidManifest.xml:114:13-88
126            android:screenOrientation="portrait"
126-->src\main\AndroidManifest.xml:115:13-49
127            android:theme="@style/EditerActivityTheme" />
127-->src\main\AndroidManifest.xml:116:13-55
128        <activity
128-->src\main\AndroidManifest.xml:117:9-121:58
129            android:name="com.tencent.qcloud.xiaoshipin.videoeditor.TCVideoEditerActivity"
129-->src\main\AndroidManifest.xml:118:13-91
130            android:launchMode="singleTask"
130-->src\main\AndroidManifest.xml:119:13-44
131            android:screenOrientation="portrait"
131-->src\main\AndroidManifest.xml:120:13-49
132            android:theme="@style/EditerActivityTheme" />
132-->src\main\AndroidManifest.xml:121:13-55
133        <activity
133-->src\main\AndroidManifest.xml:122:9-125:58
134            android:name="com.tencent.qcloud.xiaoshipin.videoeditor.TCVideoEffectActivity"
134-->src\main\AndroidManifest.xml:123:13-62
135            android:screenOrientation="portrait"
135-->src\main\AndroidManifest.xml:124:13-49
136            android:theme="@style/EditerActivityTheme" />
136-->src\main\AndroidManifest.xml:125:13-55
137        <activity
137-->src\main\AndroidManifest.xml:126:9-129:75
138            android:name="com.tencent.qcloud.xiaoshipin.videojoiner.TCVideoJoinerActivity"
138-->src\main\AndroidManifest.xml:127:13-91
139            android:screenOrientation="portrait"
139-->src\main\AndroidManifest.xml:128:13-49
140            android:theme="@android:style/Theme.Translucent.NoTitleBar" />
140-->src\main\AndroidManifest.xml:129:13-72
141        <activity android:name="com.tencent.qcloud.xiaoshipin.userinfo.TCAboutActivity" />
141-->src\main\AndroidManifest.xml:130:9-91
141-->src\main\AndroidManifest.xml:130:19-88
142
143        <provider
143-->src\main\AndroidManifest.xml:132:9-140:20
144            android:name="androidx.core.content.FileProvider"
144-->src\main\AndroidManifest.xml:133:13-62
145            android:authorities="com.tencent.qcloud.xiaoshipin.fileprovider"
145-->src\main\AndroidManifest.xml:134:13-77
146            android:exported="false"
146-->src\main\AndroidManifest.xml:135:13-37
147            android:grantUriPermissions="true" >
147-->src\main\AndroidManifest.xml:136:13-47
148            <meta-data
148-->src\main\AndroidManifest.xml:137:13-139:53
149                android:name="android.support.FILE_PROVIDER_PATHS"
149-->src\main\AndroidManifest.xml:138:17-67
150                android:resource="@xml/filepaths" />
150-->src\main\AndroidManifest.xml:139:17-50
151        </provider>
152
153        <uses-library
153-->src\main\AndroidManifest.xml:142:9-144:40
154            android:name="com.google.android.maps"
154-->src\main\AndroidManifest.xml:143:13-51
155            android:required="false" />
155-->src\main\AndroidManifest.xml:144:13-37
156        <uses-library android:name="android.test.runner" />
156-->src\main\AndroidManifest.xml:145:9-60
156-->src\main\AndroidManifest.xml:145:23-57
157
158        <activity
158-->src\main\AndroidManifest.xml:147:9-149:52
159            android:name="com.tencent.qcloud.xiaoshipin.mainui.TCSettingActivity"
159-->src\main\AndroidManifest.xml:148:13-82
160            android:screenOrientation="portrait" />
160-->src\main\AndroidManifest.xml:149:13-49
161        <activity
161-->src\main\AndroidManifest.xml:151:9-153:52
162            android:name="com.tencent.qcloud.xiaoshipin.mainui.TCLanguagaSettingActivity"
162-->src\main\AndroidManifest.xml:152:13-90
163            android:screenOrientation="portrait" />
163-->src\main\AndroidManifest.xml:153:13-49
164        <activity
164-->[:ugckit] AndroidManifest.xml:26:9-28:52
165            android:name="com.tencent.qcloud.ugckit.module.effect.bgm.TCMusicActivity"
165-->[:ugckit] AndroidManifest.xml:27:13-87
166            android:screenOrientation="portrait" />
166-->[:ugckit] AndroidManifest.xml:28:13-49
167        <activity
167-->[com.tencent.liteav:LiteAVSDK_Professional:9.5.11200] AndroidManifest.xml:34:9-36:86
168            android:name="com.tencent.liteav.video.TXScreenCapture$TXScreenCaptureAssistantActivity"
168-->[com.tencent.liteav:LiteAVSDK_Professional:9.5.11200] AndroidManifest.xml:35:13-101
169            android:theme="@android:style/Theme.Translucent.NoTitleBar.Fullscreen" />
169-->[com.tencent.liteav:LiteAVSDK_Professional:9.5.11200] AndroidManifest.xml:36:13-83
170    </application>
171
172</manifest>